<?xml version="1.0" encoding="UTF-8"?>
<testsuite name="TemaTest.AppTest" tests="134" skipped="0" failures="0" errors="0" timestamp="2023-12-02T09:18:27" hostname="DESKTOP-MGPFFTC" time="8.774">
  <properties/>
  <testcase name="testCommentPostWithOver300Characters()" classname="TemaTest.AppTest" time="0.235"/>
  <testcase name="testGetFollowingUsernameDoesNotExists()" classname="TemaTest.AppTest" time="0.061"/>
  <testcase name="testCreatePostNoPassword()" classname="TemaTest.AppTest" time="0.061"/>
  <testcase name="testUnlikeCommentSuccessfully()" classname="TemaTest.AppTest" time="0.098"/>
  <testcase name="testDeletePostNotValid()" classname="TemaTest.AppTest" time="0.058"/>
  <testcase name="testUnlikeCommentAlreadyLiked()" classname="TemaTest.AppTest" time="0.074"/>
  <testcase name="testLikePostNotFound()" classname="TemaTest.AppTest" time="0.06"/>
  <testcase name="testGetMostFollowedPostsNoUsername()" classname="TemaTest.AppTest" time="0.052"/>
  <testcase name="testDeleteCommentLoginCredentialsAreWrong()" classname="TemaTest.AppTest" time="0.061"/>
  <testcase name="testUnlikePostNoPassword()" classname="TemaTest.AppTest" time="0.056"/>
  <testcase name="testLikePostSuccessfully()" classname="TemaTest.AppTest" time="0.076"/>
  <testcase name="testLikePostAlreadyLiked()" classname="TemaTest.AppTest" time="0.073"/>
  <testcase name="testCommentPostLoginCredentialsAreWrong()" classname="TemaTest.AppTest" time="0.054"/>
  <testcase name="testGetMostLikedUsersSuccessfully()" classname="TemaTest.AppTest" time="0.195"/>
  <testcase name="testGetFollowersNotFound()" classname="TemaTest.AppTest" time="0.059"/>
  <testcase name="testDeletePostNoPassword()" classname="TemaTest.AppTest" time="0.054"/>
  <testcase name="testGetMostLikedUsersNoUsername()" classname="TemaTest.AppTest" time="0.063"/>
  <testcase name="testLikeCommentLoginCredentialsAreWrong()" classname="TemaTest.AppTest" time="0.067"/>
  <testcase name="testFollowSuccessfully()" classname="TemaTest.AppTest" time="0.082"/>
  <testcase name="testCommentPostNoUsername()" classname="TemaTest.AppTest" time="0.06"/>
  <testcase name="testUnfollowIdWrong()" classname="TemaTest.AppTest" time="0.07"/>
  <testcase name="testUnfollowLoginCredentialsAreWrong()" classname="TemaTest.AppTest" time="0.061"/>
  <testcase name="testLikePostLoginCredentialsAreWrong()" classname="TemaTest.AppTest" time="0.06"/>
  <testcase name="testGetFollowersLoginCredentialsAreWrong()" classname="TemaTest.AppTest" time="0.061"/>
  <testcase name="testGetMostLikedPostsUsernameDoesNotExists()" classname="TemaTest.AppTest" time="0.056"/>
  <testcase name="testCreatePostWithOver300Characters()" classname="TemaTest.AppTest" time="0.054"/>
  <testcase name="testGetMostCommentedPostsUsernameDoesNotExists()" classname="TemaTest.AppTest" time="0.05"/>
  <testcase name="testDummy()" classname="TemaTest.AppTest" time="0.001"/>
  <testcase name="testCreatePostSuccessfully()" classname="TemaTest.AppTest" time="0.053"/>
  <testcase name="testUserPostsNoPassword()" classname="TemaTest.AppTest" time="0.052"/>
  <testcase name="testUserPostsUsernameDoesNotExists()" classname="TemaTest.AppTest" time="0.05"/>
  <testcase name="testGetFollowingNoPassword()" classname="TemaTest.AppTest" time="0.048"/>
  <testcase name="testFollowNoUsername()" classname="TemaTest.AppTest" time="0.05"/>
  <testcase name="testDeleteCommentNoPassword()" classname="TemaTest.AppTest" time="0.049"/>
  <testcase name="testCreateUserNoUsername()" classname="TemaTest.AppTest" time="0.048"/>
  <testcase name="testGetFollowingSuccessfully()" classname="TemaTest.AppTest" time="0.091"/>
  <testcase name="testFollowingsUsernameDoesNotExists()" classname="TemaTest.AppTest" time="0.049"/>
  <testcase name="testGetFollowersNoUsername()" classname="TemaTest.AppTest" time="0.049"/>
  <testcase name="testDeleteCommentNotFound()" classname="TemaTest.AppTest" time="0.052"/>
  <testcase name="testUnlikeCommentIdWrong()" classname="TemaTest.AppTest" time="0.055"/>
  <testcase name="testLikeCommentNoUsername()" classname="TemaTest.AppTest" time="0.052"/>
  <testcase name="testGetMostFollowedPostsSuccessfully()" classname="TemaTest.AppTest" time="0.161"/>
  <testcase name="testFollowingsNoPassword()" classname="TemaTest.AppTest" time="0.056"/>
  <testcase name="testUnlikeCommentNoPassword()" classname="TemaTest.AppTest" time="0.051"/>
  <testcase name="testPostDetailsSuccessfully()" classname="TemaTest.AppTest" time="0.097"/>
  <testcase name="testLikeCommentUsernameDoesNotExists()" classname="TemaTest.AppTest" time="0.063"/>
  <testcase name="testPostDetailsNoUsername()" classname="TemaTest.AppTest" time="0.066"/>
  <testcase name="testFollowingsLoginCredentialsAreWrong()" classname="TemaTest.AppTest" time="0.068"/>
  <testcase name="testPostDetailsIdWrong()" classname="TemaTest.AppTest" time="0.066"/>
  <testcase name="testGetMostLikedPostsNoPassword()" classname="TemaTest.AppTest" time="0.062"/>
  <testcase name="testGetMostLikedUsersLoginCredentialsAreWrong()" classname="TemaTest.AppTest" time="0.06"/>
  <testcase name="testUnlikePostSuccessfully()" classname="TemaTest.AppTest" time="0.083"/>
  <testcase name="testGetMostCommentedPostsNoPassword()" classname="TemaTest.AppTest" time="0.057"/>
  <testcase name="testUnlikePostAlreadyLiked()" classname="TemaTest.AppTest" time="0.073"/>
  <testcase name="testGetMostCommentedPostsSuccessfully()" classname="TemaTest.AppTest" time="0.097"/>
  <testcase name="testUserPostsIdWrong()" classname="TemaTest.AppTest" time="0.073"/>
  <testcase name="testPostDetailsLoginCredentialsAreWrong()" classname="TemaTest.AppTest" time="0.07"/>
  <testcase name="testUnlikePostNotFound()" classname="TemaTest.AppTest" time="0.069"/>
  <testcase name="testPostDetailsIdWrongSecond()" classname="TemaTest.AppTest" time="0.075"/>
  <testcase name="testGetMostFollowedPostsNoPassword()" classname="TemaTest.AppTest" time="0.069"/>
  <testcase name="testCommentPostUsernameDoesNotExists()" classname="TemaTest.AppTest" time="0.058"/>
  <testcase name="testFollowWrongCredentials()" classname="TemaTest.AppTest" time="0.063"/>
  <testcase name="testCommentPostWithNoText()" classname="TemaTest.AppTest" time="0.063"/>
  <testcase name="testUnfollowSuccessfully()" classname="TemaTest.AppTest" time="0.083"/>
  <testcase name="testLikePostNoUsername()" classname="TemaTest.AppTest" time="0.056"/>
  <testcase name="testUnlikeCommentNotFound()" classname="TemaTest.AppTest" time="0.059"/>
  <testcase name="testUserPostsAlreadyUnfollowing()" classname="TemaTest.AppTest" time="0.064"/>
  <testcase name="testGetMostLikedUsersNoPassword()" classname="TemaTest.AppTest" time="0.057"/>
  <testcase name="testCommentPostNoPassword()" classname="TemaTest.AppTest" time="0.06"/>
  <testcase name="testGetMostCommentedPostsLoginCredentialsAreWrong()" classname="TemaTest.AppTest" time="0.057"/>
  <testcase name="testUserPostsLoginCredentialsAreWrong()" classname="TemaTest.AppTest" time="0.061"/>
  <testcase name="testFollowIdWrong()" classname="TemaTest.AppTest" time="0.067"/>
  <testcase name="testUnlikePostLoginCredentialsAreWrong()" classname="TemaTest.AppTest" time="0.061"/>
  <testcase name="testDeletePostUsernameDoesNotExists()" classname="TemaTest.AppTest" time="0.055"/>
  <testcase name="testLikeCommentSuccessfully()" classname="TemaTest.AppTest" time="0.079"/>
  <testcase name="testCommentPostSuccessfully()" classname="TemaTest.AppTest" time="0.069"/>
  <testcase name="testGetFollowersWrong()" classname="TemaTest.AppTest" time="0.064"/>
  <testcase name="testCreateUserUserCreatedSuccesfully()" classname="TemaTest.AppTest" time="0.06"/>
  <testcase name="testGetFollowersUsernameDoesNotExists()" classname="TemaTest.AppTest" time="0.058"/>
  <testcase name="testLikeCommentAlreadyLiked()" classname="TemaTest.AppTest" time="0.089"/>
  <testcase name="testGetFollowersSuccessfully()" classname="TemaTest.AppTest" time="0.092"/>
  <testcase name="testUnfollowNoUsername()" classname="TemaTest.AppTest" time="0.055"/>
  <testcase name="testPostDetailsIdNotFound()" classname="TemaTest.AppTest" time="0.061"/>
  <testcase name="testFollowNoPassword()" classname="TemaTest.AppTest" time="0.052"/>
  <testcase name="testCreateUserNoPassword()" classname="TemaTest.AppTest" time="0.056"/>
  <testcase name="testGetFollowersNoPassword()" classname="TemaTest.AppTest" time="0.057"/>
  <testcase name="testLikeCommentNoPassword()" classname="TemaTest.AppTest" time="0.053"/>
  <testcase name="testUnlikeCommentUsernameDoesNotExists()" classname="TemaTest.AppTest" time="0.06"/>
  <testcase name="testCreatePostUserNameDoesNotExist()" classname="TemaTest.AppTest" time="0.055"/>
  <testcase name="testUserPostsNotFound()" classname="TemaTest.AppTest" time="0.064"/>
  <testcase name="testLikePostIdWrong()" classname="TemaTest.AppTest" time="0.064"/>
  <testcase name="testPostDetailsNoPassword()" classname="TemaTest.AppTest" time="0.054"/>
  <testcase name="testUnfollowNotFound()" classname="TemaTest.AppTest" time="0.063"/>
  <testcase name="testDeletePostSuccessfully()" classname="TemaTest.AppTest" time="0.071"/>
  <testcase name="testCreatePostNoUsername()" classname="TemaTest.AppTest" time="0.056"/>
  <testcase name="testGetMostLikedPostsSuccessfully()" classname="TemaTest.AppTest" time="0.092"/>
  <testcase name="testUnlikePostUsernameDoesNotExists()" classname="TemaTest.AppTest" time="0.059"/>
  <testcase name="testUnlikePostNoUsername()" classname="TemaTest.AppTest" time="0.053"/>
  <testcase name="testGetMostFollowedPostsUsernameDoesNotExists()" classname="TemaTest.AppTest" time="0.055"/>
  <testcase name="testDeleteCommentSuccessfully()" classname="TemaTest.AppTest" time="0.076"/>
  <testcase name="testPostDetailsUsernameDoesNotExists()" classname="TemaTest.AppTest" time="0.054"/>
  <testcase name="testDeletePostLoginCredentialsAreWrong()" classname="TemaTest.AppTest" time="0.06"/>
  <testcase name="testLikeCommentNotFound()" classname="TemaTest.AppTest" time="0.055"/>
  <testcase name="testUserPostsSuccessfully()" classname="TemaTest.AppTest" time="0.09"/>
  <testcase name="testDeletePostNoUsername()" classname="TemaTest.AppTest" time="0.053"/>
  <testcase name="testLikePostNoPassword()" classname="TemaTest.AppTest" time="0.05"/>
  <testcase name="testLikePostUsernameDoesNotExists()" classname="TemaTest.AppTest" time="0.058"/>
  <testcase name="testFollowingsSuccessfully()" classname="TemaTest.AppTest" time="0.115"/>
  <testcase name="testFollowAlreadyFollowing()" classname="TemaTest.AppTest" time="0.073"/>
  <testcase name="testUnfollowUsernameDoesNotExists()" classname="TemaTest.AppTest" time="0.052"/>
  <testcase name="testDeleteCommentUsernameDoesNotExists()" classname="TemaTest.AppTest" time="0.057"/>
  <testcase name="testUnfollowAlreadyFollowing()" classname="TemaTest.AppTest" time="0.068"/>
  <testcase name="testCreatePostLoginCredentialsAreWrong()" classname="TemaTest.AppTest" time="0.058"/>
  <testcase name="testDeleteCommentNoPermissions()" classname="TemaTest.AppTest" time="0.071"/>
  <testcase name="testCreateUserUserAlreadyExists()" classname="TemaTest.AppTest" time="0.058"/>
  <testcase name="testGetFollowingLoginCredentialsAreWrong()" classname="TemaTest.AppTest" time="0.058"/>
  <testcase name="testUserPostsNoUsername()" classname="TemaTest.AppTest" time="0.058"/>
  <testcase name="testGetFollowingNoUsername()" classname="TemaTest.AppTest" time="0.055"/>
  <testcase name="testDeleteCommentNoUsername()" classname="TemaTest.AppTest" time="0.054"/>
  <testcase name="testFollowNotFound()" classname="TemaTest.AppTest" time="0.057"/>
  <testcase name="testGetMostLikedPostsLoginCredentialsAreWrong()" classname="TemaTest.AppTest" time="0.055"/>
  <testcase name="testUnfollowNoPassword()" classname="TemaTest.AppTest" time="0.052"/>
  <testcase name="testGetMostFollowedPostsLoginCredentialsAreWrong()" classname="TemaTest.AppTest" time="0.059"/>
  <testcase name="testFollowingsNoUsername()" classname="TemaTest.AppTest" time="0.049"/>
  <testcase name="testUnlikePostIdWrong()" classname="TemaTest.AppTest" time="0.059"/>
  <testcase name="testUnlikeCommentNoUsername()" classname="TemaTest.AppTest" time="0.052"/>
  <testcase name="testGetMostLikedUsersUsernameDoesNotExists()" classname="TemaTest.AppTest" time="0.054"/>
  <testcase name="testCreatePostWithNoText()" classname="TemaTest.AppTest" time="0.06"/>
  <testcase name="testFollowUserDoesNotExists()" classname="TemaTest.AppTest" time="0.055"/>
  <testcase name="testGetMostLikedPostsNoUsername()" classname="TemaTest.AppTest" time="0.056"/>
  <testcase name="testLikeCommentIdWrong()" classname="TemaTest.AppTest" time="0.059"/>
  <testcase name="testUnlikeCommentLoginCredentialsAreWrong()" classname="TemaTest.AppTest" time="0.057"/>
  <testcase name="testDeleteCommentWrong()" classname="TemaTest.AppTest" time="0.059"/>
  <testcase name="testGetMostCommentedPostsNoUsername()" classname="TemaTest.AppTest" time="0.05"/>
  <system-out><![CDATA[]]></system-out>
  <system-err><![CDATA[]]></system-err>
</testsuite>
